{
  "Unit Tests": {
    "coverage": {
      "/Users/nateanderson/Desktop/enigma/lib/cracked.rb": [
        1,
        1,
        null,
        1,
        1,
        null,
        null,
        null,
        1,
        1,
        1,
        1,
        null,
        null,
        1,
        0,
        0,
        0,
        0,
        null,
        null,
        null,
        null,
        1,
        1,
        1,
        1,
        1,
        null,
        1,
        4,
        4,
        4,
        4,
        2,
        null,
        2,
        null,
        4,
        1,
        null,
        1,
        null,
        1,
        null,
        1,
        null,
        4,
        null,
        1,
        null,
        null,
        null,
        1,
        1,
        1
      ],
      "/Users/nateanderson/Desktop/enigma/lib/decypher.rb": [
        1,
        1,
        1,
        null,
        1,
        1,
        null,
        1,
        7,
        7,
        7,
        7,
        7,
        7,
        7,
        null,
        null,
        1,
        1,
        1,
        1,
        1,
        1,
        null,
        null,
        1,
        5,
        5,
        55,
        null,
        null,
        null,
        1,
        4,
        null,
        16,
        null,
        16,
        16,
        null,
        null,
        null,
        1,
        2,
        null,
        null,
        1,
        3,
        12,
        33,
        null,
        null,
        null,
        null,
        1,
        null,
        null,
        5,
        20,
        20,
        20,
        20,
        null,
        null,
        null,
        1,
        16,
        null,
        null,
        1,
        16,
        null,
        null,
        null
      ],
      "/Users/nateanderson/Desktop/enigma/lib/offsets.rb": [
        1,
        null,
        1,
        12,
        12,
        12,
        null,
        null,
        null
      ],
      "/Users/nateanderson/Desktop/enigma/lib/key.rb": [
        1,
        null,
        1,
        5,
        null,
        null,
        null
      ],
      "/Users/nateanderson/Desktop/enigma/test/decypher_test.rb": [
        null,
        1,
        1,
        1,
        null,
        1,
        null,
        1,
        1,
        null,
        null,
        1,
        1,
        1,
        1,
        null,
        null,
        1,
        1,
        1,
        1,
        null,
        null,
        1,
        1,
        1,
        1,
        1,
        1,
        null,
        null,
        1,
        1,
        1,
        1,
        1,
        1,
        1,
        null,
        null,
        1,
        1,
        1,
        1,
        1,
        1,
        1,
        null,
        null,
        1,
        1,
        1,
        null,
        null,
        null,
        null
      ],
      "/Users/nateanderson/Desktop/enigma/test/encipher_test.rb": [
        1,
        1,
        1,
        1,
        1,
        1,
        null,
        1,
        null,
        1,
        1,
        null,
        null,
        1,
        1,
        1,
        1,
        null,
        null,
        1,
        1,
        1,
        null,
        null,
        1,
        1,
        1,
        1,
        1,
        null,
        null,
        1,
        1,
        1,
        1,
        1,
        1,
        null,
        null,
        1,
        1,
        1,
        1,
        1,
        1,
        null,
        null,
        1,
        1,
        1,
        null,
        null,
        1,
        1,
        6,
        1,
        null,
        null,
        null
      ],
      "/Users/nateanderson/Desktop/enigma/lib/encipher.rb": [
        1,
        1,
        1,
        null,
        1,
        1,
        null,
        1,
        12,
        12,
        12,
        12,
        12,
        12,
        null,
        null,
        1,
        1,
        1,
        1,
        1,
        null,
        null,
        1,
        5,
        5,
        55,
        null,
        null,
        null,
        1,
        4,
        16,
        16,
        16,
        null,
        null,
        null,
        1,
        2,
        null,
        null,
        1,
        3,
        12,
        33,
        null,
        null,
        null,
        null,
        1,
        17,
        17,
        17,
        null,
        null,
        1,
        16,
        null,
        null,
        1,
        16,
        null,
        null,
        null
      ]
    },
    "timestamp": 1468356354
  },
  "RSpec": {
    "coverage": {
    },
    "timestamp": 1468356203
  }
}
